2019-04-30 02:33:29 [Thread-0] DEBUG sample.Server - se acepto cliente
2019-04-30 02:33:29 [JavaFX Application Thread] DEBUG sample.Controller - unirse
2019-04-30 02:33:29 [JavaFX Application Thread] DEBUG sample.Controller - entrada se conecto
2019-04-30 02:33:29 [Thread-0] DEBUG sample.Server - se recibio objeto
2019-04-30 02:38:15 [JavaFX Application Thread] DEBUG sample.Controller - unirse
2019-04-30 02:38:15 [Thread-0] DEBUG sample.Server - se acepto cliente
2019-04-30 02:38:15 [JavaFX Application Thread] DEBUG sample.Controller - entrada se conecto
2019-04-30 02:38:15 [Thread-0] DEBUG sample.Server - se recibio objeto
2019-04-30 02:45:19 [JavaFX Application Thread] DEBUG sample.Controller - unirse
2019-04-30 02:45:19 [Thread-0] DEBUG sample.Server - se acepto cliente
2019-04-30 02:45:19 [JavaFX Application Thread] DEBUG sample.Controller - entrada se conecto
2019-04-30 02:45:19 [Thread-0] DEBUG sample.Server - se recibio objeto
2019-04-30 02:46:28 [Thread-0] DEBUG sample.Server - se acepto cliente
2019-04-30 02:46:28 [JavaFX Application Thread] DEBUG sample.Controller - unirse
2019-04-30 02:46:28 [JavaFX Application Thread] DEBUG sample.Controller - entrada se conecto
2019-04-30 02:46:28 [Thread-0] DEBUG sample.Server - se recibio objeto
2019-04-30 02:48:18 [JavaFX Application Thread] DEBUG sample.Controller - unirse
2019-04-30 02:48:18 [Thread-0] DEBUG sample.Server - se acepto cliente
2019-04-30 02:48:18 [JavaFX Application Thread] DEBUG sample.Controller - entrada se conecto
2019-04-30 02:48:18 [Thread-0] DEBUG sample.Server - se recibio objeto
2019-04-30 02:49:26 [Thread-0] DEBUG sample.Server - se acepto cliente
2019-04-30 02:49:26 [JavaFX Application Thread] DEBUG sample.Controller - unirse
2019-04-30 02:49:26 [JavaFX Application Thread] DEBUG sample.Controller - entrada se conecto
2019-04-30 02:49:26 [Thread-0] DEBUG sample.Server - se recibio objeto
2019-04-30 02:57:34 [Thread-0] DEBUG sample.Server - se acepto cliente
2019-04-30 02:57:34 [JavaFX Application Thread] DEBUG sample.Controller - unirse
2019-04-30 02:57:34 [JavaFX Application Thread] DEBUG sample.Controller - se envio datos
2019-04-30 02:57:34 [Thread-0] DEBUG sample.Server - se recibio objeto
2019-04-30 02:57:34 [JavaFX Application Thread] DEBUG sample.Controller - entrada se conecto
2019-04-30 02:57:34 [Thread-0] DEBUG sample.Server - se creo objeto
2019-04-30 02:57:34 [Thread-0] DEBUG sample.Server - se creo abertura de datos
2019-04-30 02:57:34 [Thread-0] DEBUG sample.Server - se logro enviar datos
2019-04-30 02:57:35 [JavaFX Application Thread] DEBUG sample.Controller - se creo objeto
